[2025-03-11 20:56:08,436]  INFO {org.wso2.config.mapper.ConfigParser} - Overriding files in configuration directory /home/wso2carbon/wso2mi-4.2.0
[2025-03-11 20:56:08,599]  INFO {org.wso2.config.mapper.ConfigParser} - Applying configurations with deployment configurations
[2025-03-11 20:56:12,024] ERROR {JKSKeyStoreLoader} - IOError loading keyStore from ' /home/wso2carbon/wso2mi-4.2.0/repository/resources/security/wso2carbon.jks ' java.io.IOException: keystore password was incorrect
	at java.base/sun.security.pkcs12.PKCS12KeyStore.engineLoad(PKCS12KeyStore.java:2092)
	at java.base/sun.security.util.KeyStoreDelegator.engineLoad(KeyStoreDelegator.java:243)
	at java.base/java.security.KeyStore.load(KeyStore.java:1479)
	at org.wso2.securevault.keystore.AbstractKeyStoreLoader.getKeyStore(AbstractKeyStoreLoader.java:79)
	at org.wso2.securevault.keystore.JKSKeyStoreLoader.getKeyStore(JKSKeyStoreLoader.java:34)
	at org.wso2.securevault.definition.KeyStoreInformation.getKeyStore(KeyStoreInformation.java:132)
	at org.wso2.securevault.definition.IdentityKeyStoreInformation.getIdentityKeyStore(IdentityKeyStoreInformation.java:69)
	at org.wso2.securevault.keystore.KeyStoreWrapper.init(KeyStoreWrapper.java:67)
	at org.wso2.securevault.keystore.IdentityKeyStoreWrapper.init(IdentityKeyStoreWrapper.java:35)
	at org.wso2.securevault.secret.SecretManager.init(SecretManager.java:150)
	at org.wso2.carbon.securevault.SecretManagerInitializer.init(SecretManagerInitializer.java:59)
	at org.wso2.carbon.securevault.internal.SecretManagerInitializerComponent.activate(SecretManagerInitializerComponent.java:47)
	at java.base/jdk.internal.reflect.NativeMethodAccessorImpl.invoke0(Native Method)
	at java.base/jdk.internal.reflect.NativeMethodAccessorImpl.invoke(NativeMethodAccessorImpl.java:62)
	at java.base/jdk.internal.reflect.DelegatingMethodAccessorImpl.invoke(DelegatingMethodAccessorImpl.java:43)
	at java.base/java.lang.reflect.Method.invoke(Method.java:566)
	at org.eclipse.equinox.internal.ds.model.ServiceComponent.activate(ServiceComponent.java:260)
	at org.eclipse.equinox.internal.ds.model.ServiceComponentProp.activate(ServiceComponentProp.java:146)
	at org.eclipse.equinox.internal.ds.model.ServiceComponentProp.build(ServiceComponentProp.java:345)
	at org.eclipse.equinox.internal.ds.InstanceProcess.buildComponent(InstanceProcess.java:620)
	at org.eclipse.equinox.internal.ds.InstanceProcess.buildComponents(InstanceProcess.java:197)
	at org.eclipse.equinox.internal.ds.Resolver.buildNewlySatisfied(Resolver.java:473)
	at org.eclipse.equinox.internal.ds.Resolver.enableComponents(Resolver.java:217)
	at org.eclipse.equinox.internal.ds.SCRManager.performWork(SCRManager.java:816)
	at org.eclipse.equinox.internal.ds.SCRManager$QueuedJob.dispatch(SCRManager.java:783)
	at org.eclipse.equinox.internal.ds.WorkThread.run(WorkThread.java:89)
	at java.base/java.lang.Thread.run(Thread.java:829)
Caused by: java.security.UnrecoverableKeyException: failed to decrypt safe contents entry: javax.crypto.BadPaddingException: Given final block not properly padded. Such issues can arise if a bad key is used during decryption.
	... 27 more

[2025-03-11 20:56:12,060] ERROR {JKSKeyStoreLoader} - IOError loading keyStore from ' /home/wso2carbon/wso2mi-4.2.0/repository/resources/security/wso2carbon.jks ' java.io.IOException: keystore password was incorrect
	at java.base/sun.security.pkcs12.PKCS12KeyStore.engineLoad(PKCS12KeyStore.java:2092)
	at java.base/sun.security.util.KeyStoreDelegator.engineLoad(KeyStoreDelegator.java:243)
	at java.base/java.security.KeyStore.load(KeyStore.java:1479)
	at org.wso2.securevault.keystore.AbstractKeyStoreLoader.getKeyStore(AbstractKeyStoreLoader.java:79)
	at org.wso2.securevault.keystore.JKSKeyStoreLoader.getKeyStore(JKSKeyStoreLoader.java:34)
	at org.wso2.securevault.definition.KeyStoreInformation.getKeyStore(KeyStoreInformation.java:132)
	at org.wso2.securevault.definition.IdentityKeyStoreInformation.getIdentityKeyStore(IdentityKeyStoreInformation.java:69)
	at org.wso2.securevault.keystore.KeyStoreWrapper.init(KeyStoreWrapper.java:67)
	at org.wso2.securevault.keystore.IdentityKeyStoreWrapper.init(IdentityKeyStoreWrapper.java:35)
	at org.wso2.securevault.secret.SecretManager.init(SecretManager.java:150)
	at org.wso2.carbon.securevault.SecretManagerInitializer.init(SecretManagerInitializer.java:59)
	at org.wso2.carbon.securevault.internal.SecretManagerInitializerComponent.activate(SecretManagerInitializerComponent.java:47)
	at java.base/jdk.internal.reflect.NativeMethodAccessorImpl.invoke0(Native Method)
	at java.base/jdk.internal.reflect.NativeMethodAccessorImpl.invoke(NativeMethodAccessorImpl.java:62)
	at java.base/jdk.internal.reflect.DelegatingMethodAccessorImpl.invoke(DelegatingMethodAccessorImpl.java:43)
	at java.base/java.lang.reflect.Method.invoke(Method.java:566)
	at org.eclipse.equinox.internal.ds.model.ServiceComponent.activate(ServiceComponent.java:260)
	at org.eclipse.equinox.internal.ds.model.ServiceComponentProp.activate(ServiceComponentProp.java:146)
	at org.eclipse.equinox.internal.ds.model.ServiceComponentProp.build(ServiceComponentProp.java:345)
	at org.eclipse.equinox.internal.ds.InstanceProcess.buildComponent(InstanceProcess.java:620)
	at org.eclipse.equinox.internal.ds.InstanceProcess.buildComponents(InstanceProcess.java:197)
	at org.eclipse.equinox.internal.ds.Resolver.buildNewlySatisfied(Resolver.java:473)
	at org.eclipse.equinox.internal.ds.Resolver.enableComponents(Resolver.java:217)
	at org.eclipse.equinox.internal.ds.SCRManager.performWork(SCRManager.java:816)
	at org.eclipse.equinox.internal.ds.SCRManager$QueuedJob.dispatch(SCRManager.java:783)
	at org.eclipse.equinox.internal.ds.WorkThread.run(WorkThread.java:89)
	at java.base/java.lang.Thread.run(Thread.java:829)
Caused by: java.security.UnrecoverableKeyException: failed to decrypt safe contents entry: javax.crypto.BadPaddingException: Given final block not properly padded. Such issues can arise if a bad key is used during decryption.
	... 27 more

[2025-03-11 20:56:12,136] ERROR {JKSKeyStoreLoader} - IOError loading keyStore from ' /home/wso2carbon/wso2mi-4.2.0/repository/resources/security/wso2carbon.jks ' java.io.IOException: keystore password was incorrect
	at java.base/sun.security.pkcs12.PKCS12KeyStore.engineLoad(PKCS12KeyStore.java:2092)
	at java.base/sun.security.util.KeyStoreDelegator.engineLoad(KeyStoreDelegator.java:243)
	at java.base/java.security.KeyStore.load(KeyStore.java:1479)
	at org.wso2.securevault.keystore.AbstractKeyStoreLoader.getKeyStore(AbstractKeyStoreLoader.java:79)
	at org.wso2.securevault.keystore.JKSKeyStoreLoader.getKeyStore(JKSKeyStoreLoader.java:34)
	at org.wso2.securevault.definition.KeyStoreInformation.getKeyStore(KeyStoreInformation.java:132)
	at org.wso2.securevault.definition.IdentityKeyStoreInformation.getIdentityKeyStore(IdentityKeyStoreInformation.java:69)
	at org.wso2.securevault.keystore.KeyStoreWrapper.init(KeyStoreWrapper.java:67)
	at org.wso2.securevault.keystore.IdentityKeyStoreWrapper.init(IdentityKeyStoreWrapper.java:35)
	at org.wso2.securevault.secret.SecretManager.init(SecretManager.java:150)
	at org.wso2.carbon.securevault.SecretManagerInitializer.init(SecretManagerInitializer.java:59)
	at org.wso2.micro.integrator.core.services.CarbonServerConfigurationService.init(CarbonServerConfigurationService.java:156)
	at org.wso2.micro.integrator.core.services.CarbonServerConfigurationService.forceInit(CarbonServerConfigurationService.java:249)
	at org.wso2.micro.integrator.core.internal.Activator.initServerConfiguration(Activator.java:145)
	at org.wso2.micro.integrator.core.internal.Activator.initializeCarbonServerConfigurationService(Activator.java:121)
	at org.wso2.micro.integrator.core.internal.Activator.start(Activator.java:71)
	at org.eclipse.osgi.internal.framework.BundleContextImpl$3.run(BundleContextImpl.java:842)
	at org.eclipse.osgi.internal.framework.BundleContextImpl$3.run(BundleContextImpl.java:1)
	at java.base/java.security.AccessController.doPrivileged(Native Method)
	at org.eclipse.osgi.internal.framework.BundleContextImpl.startActivator(BundleContextImpl.java:834)
	at org.eclipse.osgi.internal.framework.BundleContextImpl.start(BundleContextImpl.java:791)
	at org.eclipse.osgi.internal.framework.EquinoxBundle.startWorker0(EquinoxBundle.java:1013)
	at org.eclipse.osgi.internal.framework.EquinoxBundle$EquinoxModule.startWorker(EquinoxBundle.java:365)
	at org.eclipse.osgi.container.Module.doStart(Module.java:598)
	at org.eclipse.osgi.container.Module.start(Module.java:462)
	at org.eclipse.osgi.container.ModuleContainer$ContainerStartLevel$1.run(ModuleContainer.java:1820)
	at org.eclipse.osgi.internal.framework.EquinoxContainerAdaptor$2$1.execute(EquinoxContainerAdaptor.java:150)
	at org.eclipse.osgi.container.ModuleContainer$ContainerStartLevel.incStartLevel(ModuleContainer.java:1813)
	at org.eclipse.osgi.container.ModuleContainer$ContainerStartLevel.incStartLevel(ModuleContainer.java:1770)
	at org.eclipse.osgi.container.ModuleContainer$ContainerStartLevel.doContainerStartLevel(ModuleContainer.java:1735)
	at org.eclipse.osgi.container.ModuleContainer$ContainerStartLevel.dispatchEvent(ModuleContainer.java:1661)
	at org.eclipse.osgi.container.ModuleContainer$ContainerStartLevel.dispatchEvent(ModuleContainer.java:1)
	at org.eclipse.osgi.framework.eventmgr.EventManager.dispatchEvent(EventManager.java:234)
	at org.eclipse.osgi.framework.eventmgr.EventManager$EventThread.run(EventManager.java:345)
Caused by: java.security.UnrecoverableKeyException: failed to decrypt safe contents entry: javax.crypto.BadPaddingException: Given final block not properly padded. Such issues can arise if a bad key is used during decryption.
	... 34 more

[2025-03-11 20:56:12,136] FATAL {CarbonServerConfigurationService} - Problem in parsing the carbon.xml to DOM org.wso2.securevault.SecureVaultException: IOError loading keyStore from ' /home/wso2carbon/wso2mi-4.2.0/repository/resources/security/wso2carbon.jks ' 
	at org.wso2.securevault.keystore.AbstractKeyStoreLoader.handleException(AbstractKeyStoreLoader.java:104)
	at org.wso2.securevault.keystore.AbstractKeyStoreLoader.getKeyStore(AbstractKeyStoreLoader.java:84)
	at org.wso2.securevault.keystore.JKSKeyStoreLoader.getKeyStore(JKSKeyStoreLoader.java:34)
	at org.wso2.securevault.definition.KeyStoreInformation.getKeyStore(KeyStoreInformation.java:132)
	at org.wso2.securevault.definition.IdentityKeyStoreInformation.getIdentityKeyStore(IdentityKeyStoreInformation.java:69)
	at org.wso2.securevault.keystore.KeyStoreWrapper.init(KeyStoreWrapper.java:67)
	at org.wso2.securevault.keystore.IdentityKeyStoreWrapper.init(IdentityKeyStoreWrapper.java:35)
	at org.wso2.securevault.secret.SecretManager.init(SecretManager.java:150)
	at org.wso2.carbon.securevault.SecretManagerInitializer.init(SecretManagerInitializer.java:59)
	at org.wso2.micro.integrator.core.services.CarbonServerConfigurationService.init(CarbonServerConfigurationService.java:156)
	at org.wso2.micro.integrator.core.services.CarbonServerConfigurationService.forceInit(CarbonServerConfigurationService.java:249)
	at org.wso2.micro.integrator.core.internal.Activator.initServerConfiguration(Activator.java:145)
	at org.wso2.micro.integrator.core.internal.Activator.initializeCarbonServerConfigurationService(Activator.java:121)
	at org.wso2.micro.integrator.core.internal.Activator.start(Activator.java:71)
	at org.eclipse.osgi.internal.framework.BundleContextImpl$3.run(BundleContextImpl.java:842)
	at org.eclipse.osgi.internal.framework.BundleContextImpl$3.run(BundleContextImpl.java:1)
	at java.base/java.security.AccessController.doPrivileged(Native Method)
	at org.eclipse.osgi.internal.framework.BundleContextImpl.startActivator(BundleContextImpl.java:834)
	at org.eclipse.osgi.internal.framework.BundleContextImpl.start(BundleContextImpl.java:791)
	at org.eclipse.osgi.internal.framework.EquinoxBundle.startWorker0(EquinoxBundle.java:1013)
	at org.eclipse.osgi.internal.framework.EquinoxBundle$EquinoxModule.startWorker(EquinoxBundle.java:365)
	at org.eclipse.osgi.container.Module.doStart(Module.java:598)
	at org.eclipse.osgi.container.Module.start(Module.java:462)
	at org.eclipse.osgi.container.ModuleContainer$ContainerStartLevel$1.run(ModuleContainer.java:1820)
	at org.eclipse.osgi.internal.framework.EquinoxContainerAdaptor$2$1.execute(EquinoxContainerAdaptor.java:150)
	at org.eclipse.osgi.container.ModuleContainer$ContainerStartLevel.incStartLevel(ModuleContainer.java:1813)
	at org.eclipse.osgi.container.ModuleContainer$ContainerStartLevel.incStartLevel(ModuleContainer.java:1770)
	at org.eclipse.osgi.container.ModuleContainer$ContainerStartLevel.doContainerStartLevel(ModuleContainer.java:1735)
	at org.eclipse.osgi.container.ModuleContainer$ContainerStartLevel.dispatchEvent(ModuleContainer.java:1661)
	at org.eclipse.osgi.container.ModuleContainer$ContainerStartLevel.dispatchEvent(ModuleContainer.java:1)
	at org.eclipse.osgi.framework.eventmgr.EventManager.dispatchEvent(EventManager.java:234)
	at org.eclipse.osgi.framework.eventmgr.EventManager$EventThread.run(EventManager.java:345)
Caused by: java.io.IOException: keystore password was incorrect
	at java.base/sun.security.pkcs12.PKCS12KeyStore.engineLoad(PKCS12KeyStore.java:2092)
	at java.base/sun.security.util.KeyStoreDelegator.engineLoad(KeyStoreDelegator.java:243)
	at java.base/java.security.KeyStore.load(KeyStore.java:1479)
	at org.wso2.securevault.keystore.AbstractKeyStoreLoader.getKeyStore(AbstractKeyStoreLoader.java:79)
	... 30 more
Caused by: java.security.UnrecoverableKeyException: failed to decrypt safe contents entry: javax.crypto.BadPaddingException: Given final block not properly padded. Such issues can arise if a bad key is used during decryption.
	... 34 more

[2025-03-11 20:56:12,136] FATAL {Activator} - Could not initialize server configuration
[2025-03-11 20:56:12,138] ERROR {Framework} - FrameworkEvent ERROR org.osgi.framework.BundleException: Exception in org.wso2.micro.integrator.core.internal.Activator.start() of bundle org.wso2.micro.integrator.core.
	at org.eclipse.osgi.internal.framework.BundleContextImpl.startActivator(BundleContextImpl.java:863)
	at org.eclipse.osgi.internal.framework.BundleContextImpl.start(BundleContextImpl.java:791)
	at org.eclipse.osgi.internal.framework.EquinoxBundle.startWorker0(EquinoxBundle.java:1013)
	at org.eclipse.osgi.internal.framework.EquinoxBundle$EquinoxModule.startWorker(EquinoxBundle.java:365)
	at org.eclipse.osgi.container.Module.doStart(Module.java:598)
	at org.eclipse.osgi.container.Module.start(Module.java:462)
	at org.eclipse.osgi.container.ModuleContainer$ContainerStartLevel$1.run(ModuleContainer.java:1820)
	at org.eclipse.osgi.internal.framework.EquinoxContainerAdaptor$2$1.execute(EquinoxContainerAdaptor.java:150)
	at org.eclipse.osgi.container.ModuleContainer$ContainerStartLevel.incStartLevel(ModuleContainer.java:1813)
	at org.eclipse.osgi.container.ModuleContainer$ContainerStartLevel.incStartLevel(ModuleContainer.java:1770)
	at org.eclipse.osgi.container.ModuleContainer$ContainerStartLevel.doContainerStartLevel(ModuleContainer.java:1735)
	at org.eclipse.osgi.container.ModuleContainer$ContainerStartLevel.dispatchEvent(ModuleContainer.java:1661)
	at org.eclipse.osgi.container.ModuleContainer$ContainerStartLevel.dispatchEvent(ModuleContainer.java:1)
	at org.eclipse.osgi.framework.eventmgr.EventManager.dispatchEvent(EventManager.java:234)
	at org.eclipse.osgi.framework.eventmgr.EventManager$EventThread.run(EventManager.java:345)
Caused by: java.lang.Exception: org.wso2.micro.integrator.core.internal.MicroIntegratorConfigurationException: org.wso2.securevault.SecureVaultException: IOError loading keyStore from ' /home/wso2carbon/wso2mi-4.2.0/repository/resources/security/wso2carbon.jks ' 
	at org.wso2.micro.integrator.core.internal.Activator.start(Activator.java:105)
	at org.eclipse.osgi.internal.framework.BundleContextImpl$3.run(BundleContextImpl.java:842)
	at org.eclipse.osgi.internal.framework.BundleContextImpl$3.run(BundleContextImpl.java:1)
	at java.base/java.security.AccessController.doPrivileged(Native Method)
	at org.eclipse.osgi.internal.framework.BundleContextImpl.startActivator(BundleContextImpl.java:834)
	... 14 more
Caused by: org.wso2.micro.integrator.core.internal.MicroIntegratorConfigurationException: org.wso2.securevault.SecureVaultException: IOError loading keyStore from ' /home/wso2carbon/wso2mi-4.2.0/repository/resources/security/wso2carbon.jks ' 
	at org.wso2.micro.integrator.core.services.CarbonServerConfigurationService.init(CarbonServerConfigurationService.java:168)
	at org.wso2.micro.integrator.core.services.CarbonServerConfigurationService.forceInit(CarbonServerConfigurationService.java:249)
	at org.wso2.micro.integrator.core.internal.Activator.initServerConfiguration(Activator.java:145)
	at org.wso2.micro.integrator.core.internal.Activator.initializeCarbonServerConfigurationService(Activator.java:121)
	at org.wso2.micro.integrator.core.internal.Activator.start(Activator.java:71)
	... 18 more
Caused by: org.wso2.securevault.SecureVaultException: IOError loading keyStore from ' /home/wso2carbon/wso2mi-4.2.0/repository/resources/security/wso2carbon.jks ' 
	at org.wso2.securevault.keystore.AbstractKeyStoreLoader.handleException(AbstractKeyStoreLoader.java:104)
	at org.wso2.securevault.keystore.AbstractKeyStoreLoader.getKeyStore(AbstractKeyStoreLoader.java:84)
	at org.wso2.securevault.keystore.JKSKeyStoreLoader.getKeyStore(JKSKeyStoreLoader.java:34)
	at org.wso2.securevault.definition.KeyStoreInformation.getKeyStore(KeyStoreInformation.java:132)
	at org.wso2.securevault.definition.IdentityKeyStoreInformation.getIdentityKeyStore(IdentityKeyStoreInformation.java:69)
	at org.wso2.securevault.keystore.KeyStoreWrapper.init(KeyStoreWrapper.java:67)
	at org.wso2.securevault.keystore.IdentityKeyStoreWrapper.init(IdentityKeyStoreWrapper.java:35)
	at org.wso2.securevault.secret.SecretManager.init(SecretManager.java:150)
	at org.wso2.carbon.securevault.SecretManagerInitializer.init(SecretManagerInitializer.java:59)
	at org.wso2.micro.integrator.core.services.CarbonServerConfigurationService.init(CarbonServerConfigurationService.java:156)
	... 22 more
Caused by: java.io.IOException: keystore password was incorrect
	at java.base/sun.security.pkcs12.PKCS12KeyStore.engineLoad(PKCS12KeyStore.java:2092)
	at java.base/sun.security.util.KeyStoreDelegator.engineLoad(KeyStoreDelegator.java:243)
	at java.base/java.security.KeyStore.load(KeyStore.java:1479)
	at org.wso2.securevault.keystore.AbstractKeyStoreLoader.getKeyStore(AbstractKeyStoreLoader.java:79)
	... 30 more
Caused by: java.security.UnrecoverableKeyException: failed to decrypt safe contents entry: javax.crypto.BadPaddingException: Given final block not properly padded. Such issues can arise if a bad key is used during decryption.
	... 34 more

[2025-03-11 20:56:12,178] ERROR {JKSKeyStoreLoader} - IOError loading keyStore from ' /home/wso2carbon/wso2mi-4.2.0/repository/resources/security/wso2carbon.jks ' java.io.IOException: keystore password was incorrect
	at java.base/sun.security.pkcs12.PKCS12KeyStore.engineLoad(PKCS12KeyStore.java:2092)
	at java.base/sun.security.util.KeyStoreDelegator.engineLoad(KeyStoreDelegator.java:243)
	at java.base/java.security.KeyStore.load(KeyStore.java:1479)
	at org.wso2.securevault.keystore.AbstractKeyStoreLoader.getKeyStore(AbstractKeyStoreLoader.java:79)
	at org.wso2.securevault.keystore.JKSKeyStoreLoader.getKeyStore(JKSKeyStoreLoader.java:34)
	at org.wso2.securevault.definition.KeyStoreInformation.getKeyStore(KeyStoreInformation.java:132)
	at org.wso2.securevault.definition.IdentityKeyStoreInformation.getIdentityKeyStore(IdentityKeyStoreInformation.java:69)
	at org.wso2.securevault.keystore.KeyStoreWrapper.init(KeyStoreWrapper.java:67)
	at org.wso2.securevault.keystore.IdentityKeyStoreWrapper.init(IdentityKeyStoreWrapper.java:35)
	at org.wso2.securevault.secret.SecretManager.init(SecretManager.java:150)
	at org.wso2.carbon.securevault.SecretManagerInitializer.init(SecretManagerInitializer.java:59)
	at org.wso2.carbon.securevault.internal.SecretManagerInitializerComponent.activate(SecretManagerInitializerComponent.java:47)
	at java.base/jdk.internal.reflect.NativeMethodAccessorImpl.invoke0(Native Method)
	at java.base/jdk.internal.reflect.NativeMethodAccessorImpl.invoke(NativeMethodAccessorImpl.java:62)
	at java.base/jdk.internal.reflect.DelegatingMethodAccessorImpl.invoke(DelegatingMethodAccessorImpl.java:43)
	at java.base/java.lang.reflect.Method.invoke(Method.java:566)
	at org.eclipse.equinox.internal.ds.model.ServiceComponent.activate(ServiceComponent.java:260)
	at org.eclipse.equinox.internal.ds.model.ServiceComponentProp.activate(ServiceComponentProp.java:146)
	at org.eclipse.equinox.internal.ds.model.ServiceComponentProp.build(ServiceComponentProp.java:345)
	at org.eclipse.equinox.internal.ds.InstanceProcess.buildComponent(InstanceProcess.java:620)
	at org.eclipse.equinox.internal.ds.InstanceProcess.buildComponents(InstanceProcess.java:197)
	at org.eclipse.equinox.internal.ds.Resolver.buildNewlySatisfied(Resolver.java:473)
	at org.eclipse.equinox.internal.ds.Resolver.enableComponents(Resolver.java:217)
	at org.eclipse.equinox.internal.ds.SCRManager.performWork(SCRManager.java:816)
	at org.eclipse.equinox.internal.ds.SCRManager$QueuedJob.dispatch(SCRManager.java:783)
	at org.eclipse.equinox.internal.ds.WorkThread.run(WorkThread.java:89)
	at java.base/java.lang.Thread.run(Thread.java:829)
Caused by: java.security.UnrecoverableKeyException: failed to decrypt safe contents entry: javax.crypto.BadPaddingException: Given final block not properly padded. Such issues can arise if a bad key is used during decryption.
	... 27 more

[2025-03-11 20:56:12,203] ERROR {JKSKeyStoreLoader} - IOError loading keyStore from ' /home/wso2carbon/wso2mi-4.2.0/repository/resources/security/wso2carbon.jks ' java.io.IOException: keystore password was incorrect
	at java.base/sun.security.pkcs12.PKCS12KeyStore.engineLoad(PKCS12KeyStore.java:2092)
	at java.base/sun.security.util.KeyStoreDelegator.engineLoad(KeyStoreDelegator.java:243)
	at java.base/java.security.KeyStore.load(KeyStore.java:1479)
	at org.wso2.securevault.keystore.AbstractKeyStoreLoader.getKeyStore(AbstractKeyStoreLoader.java:79)
	at org.wso2.securevault.keystore.JKSKeyStoreLoader.getKeyStore(JKSKeyStoreLoader.java:34)
	at org.wso2.securevault.definition.KeyStoreInformation.getKeyStore(KeyStoreInformation.java:132)
	at org.wso2.securevault.definition.IdentityKeyStoreInformation.getIdentityKeyStore(IdentityKeyStoreInformation.java:69)
	at org.wso2.securevault.keystore.KeyStoreWrapper.init(KeyStoreWrapper.java:67)
	at org.wso2.securevault.keystore.IdentityKeyStoreWrapper.init(IdentityKeyStoreWrapper.java:35)
	at org.wso2.securevault.secret.SecretManager.init(SecretManager.java:150)
	at org.wso2.carbon.securevault.SecretManagerInitializer.init(SecretManagerInitializer.java:59)
	at org.wso2.carbon.securevault.internal.SecretManagerInitializerComponent.activate(SecretManagerInitializerComponent.java:47)
	at java.base/jdk.internal.reflect.NativeMethodAccessorImpl.invoke0(Native Method)
	at java.base/jdk.internal.reflect.NativeMethodAccessorImpl.invoke(NativeMethodAccessorImpl.java:62)
	at java.base/jdk.internal.reflect.DelegatingMethodAccessorImpl.invoke(DelegatingMethodAccessorImpl.java:43)
	at java.base/java.lang.reflect.Method.invoke(Method.java:566)
	at org.eclipse.equinox.internal.ds.model.ServiceComponent.activate(ServiceComponent.java:260)
	at org.eclipse.equinox.internal.ds.model.ServiceComponentProp.activate(ServiceComponentProp.java:146)
	at org.eclipse.equinox.internal.ds.model.ServiceComponentProp.build(ServiceComponentProp.java:345)
	at org.eclipse.equinox.internal.ds.InstanceProcess.buildComponent(InstanceProcess.java:620)
	at org.eclipse.equinox.internal.ds.InstanceProcess.buildComponents(InstanceProcess.java:197)
	at org.eclipse.equinox.internal.ds.Resolver.getEligible(Resolver.java:343)
	at org.eclipse.equinox.internal.ds.SCRManager.serviceChanged(SCRManager.java:222)
	at org.eclipse.osgi.internal.serviceregistry.FilteredServiceListener.serviceChanged(FilteredServiceListener.java:113)
	at org.eclipse.osgi.internal.framework.BundleContextImpl.dispatchEvent(BundleContextImpl.java:985)
	at org.eclipse.osgi.framework.eventmgr.EventManager.dispatchEvent(EventManager.java:234)
	at org.eclipse.osgi.framework.eventmgr.ListenerQueue.dispatchEventSynchronous(ListenerQueue.java:151)
	at org.eclipse.osgi.internal.serviceregistry.ServiceRegistry.publishServiceEventPrivileged(ServiceRegistry.java:866)
	at org.eclipse.osgi.internal.serviceregistry.ServiceRegistry.publishServiceEvent(ServiceRegistry.java:804)
	at org.eclipse.osgi.internal.serviceregistry.ServiceRegistrationImpl.register(ServiceRegistrationImpl.java:130)
	at org.eclipse.osgi.internal.serviceregistry.ServiceRegistry.registerService(ServiceRegistry.java:228)
	at org.eclipse.osgi.internal.framework.BundleContextImpl.registerService(BundleContextImpl.java:525)
	at org.eclipse.osgi.internal.framework.BundleContextImpl.registerService(BundleContextImpl.java:544)
	at org.eclipse.osgi.internal.framework.BundleContextImpl.registerService(BundleContextImpl.java:1071)
	at org.wso2.micro.integrator.crypto.impl.internal.CryptoImplComponent.activate(CryptoImplComponent.java:74)
	at java.base/jdk.internal.reflect.NativeMethodAccessorImpl.invoke0(Native Method)
	at java.base/jdk.internal.reflect.NativeMethodAccessorImpl.invoke(NativeMethodAccessorImpl.java:62)
	at java.base/jdk.internal.reflect.DelegatingMethodAccessorImpl.invoke(DelegatingMethodAccessorImpl.java:43)
	at java.base/java.lang.reflect.Method.invoke(Method.java:566)
	at org.eclipse.equinox.internal.ds.model.ServiceComponent.activate(ServiceComponent.java:235)
	at org.eclipse.equinox.internal.ds.model.ServiceComponentProp.activate(ServiceComponentProp.java:146)
	at org.eclipse.equinox.internal.ds.model.ServiceComponentProp.build(ServiceComponentProp.java:345)
	at org.eclipse.equinox.internal.ds.InstanceProcess.buildComponent(InstanceProcess.java:620)
	at org.eclipse.equinox.internal.ds.InstanceProcess.buildComponents(InstanceProcess.java:197)
	at org.eclipse.equinox.internal.ds.Resolver.buildNewlySatisfied(Resolver.java:473)
	at org.eclipse.equinox.internal.ds.Resolver.enableComponents(Resolver.java:217)
	at org.eclipse.equinox.internal.ds.SCRManager.performWork(SCRManager.java:816)
	at org.eclipse.equinox.internal.ds.SCRManager$QueuedJob.dispatch(SCRManager.java:783)
	at org.eclipse.equinox.internal.ds.WorkThread.run(WorkThread.java:89)
	at java.base/java.lang.Thread.run(Thread.java:829)
Caused by: java.security.UnrecoverableKeyException: failed to decrypt safe contents entry: javax.crypto.BadPaddingException: Given final block not properly padded. Such issues can arise if a bad key is used during decryption.
	... 50 more

[2025-03-11 20:56:12,221] ERROR {JKSKeyStoreLoader} - IOError loading keyStore from ' /home/wso2carbon/wso2mi-4.2.0/repository/resources/security/wso2carbon.jks ' java.io.IOException: keystore password was incorrect
	at java.base/sun.security.pkcs12.PKCS12KeyStore.engineLoad(PKCS12KeyStore.java:2092)
	at java.base/sun.security.util.KeyStoreDelegator.engineLoad(KeyStoreDelegator.java:243)
	at java.base/java.security.KeyStore.load(KeyStore.java:1479)
	at org.wso2.securevault.keystore.AbstractKeyStoreLoader.getKeyStore(AbstractKeyStoreLoader.java:79)
	at org.wso2.securevault.keystore.JKSKeyStoreLoader.getKeyStore(JKSKeyStoreLoader.java:34)
	at org.wso2.securevault.definition.KeyStoreInformation.getKeyStore(KeyStoreInformation.java:132)
	at org.wso2.securevault.definition.IdentityKeyStoreInformation.getIdentityKeyStore(IdentityKeyStoreInformation.java:69)
	at org.wso2.securevault.keystore.KeyStoreWrapper.init(KeyStoreWrapper.java:67)
	at org.wso2.securevault.keystore.IdentityKeyStoreWrapper.init(IdentityKeyStoreWrapper.java:35)
	at org.wso2.securevault.secret.SecretManager.init(SecretManager.java:150)
	at org.wso2.carbon.securevault.SecretManagerInitializer.init(SecretManagerInitializer.java:59)
	at org.wso2.carbon.securevault.internal.SecretManagerInitializerComponent.activate(SecretManagerInitializerComponent.java:47)
	at java.base/jdk.internal.reflect.NativeMethodAccessorImpl.invoke0(Native Method)
	at java.base/jdk.internal.reflect.NativeMethodAccessorImpl.invoke(NativeMethodAccessorImpl.java:62)
	at java.base/jdk.internal.reflect.DelegatingMethodAccessorImpl.invoke(DelegatingMethodAccessorImpl.java:43)
	at java.base/java.lang.reflect.Method.invoke(Method.java:566)
	at org.eclipse.equinox.internal.ds.model.ServiceComponent.activate(ServiceComponent.java:260)
	at org.eclipse.equinox.internal.ds.model.ServiceComponentProp.activate(ServiceComponentProp.java:146)
	at org.eclipse.equinox.internal.ds.model.ServiceComponentProp.build(ServiceComponentProp.java:345)
	at org.eclipse.equinox.internal.ds.InstanceProcess.buildComponent(InstanceProcess.java:620)
	at org.eclipse.equinox.internal.ds.InstanceProcess.buildComponents(InstanceProcess.java:197)
	at org.eclipse.equinox.internal.ds.Resolver.getEligible(Resolver.java:343)
	at org.eclipse.equinox.internal.ds.SCRManager.serviceChanged(SCRManager.java:222)
	at org.eclipse.osgi.internal.serviceregistry.FilteredServiceListener.serviceChanged(FilteredServiceListener.java:113)
	at org.eclipse.osgi.internal.framework.BundleContextImpl.dispatchEvent(BundleContextImpl.java:985)
	at org.eclipse.osgi.framework.eventmgr.EventManager.dispatchEvent(EventManager.java:234)
	at org.eclipse.osgi.framework.eventmgr.ListenerQueue.dispatchEventSynchronous(ListenerQueue.java:151)
	at org.eclipse.osgi.internal.serviceregistry.ServiceRegistry.publishServiceEventPrivileged(ServiceRegistry.java:866)
	at org.eclipse.osgi.internal.serviceregistry.ServiceRegistry.publishServiceEvent(ServiceRegistry.java:804)
	at org.eclipse.osgi.internal.serviceregistry.ServiceRegistrationImpl.register(ServiceRegistrationImpl.java:130)
	at org.eclipse.osgi.internal.serviceregistry.ServiceRegistry.registerService(ServiceRegistry.java:228)
	at org.eclipse.osgi.internal.framework.BundleContextImpl.registerService(BundleContextImpl.java:525)
	at org.eclipse.osgi.internal.framework.BundleContextImpl.registerService(BundleContextImpl.java:544)
	at org.eclipse.osgi.internal.framework.BundleContextImpl.registerService(BundleContextImpl.java:1071)
	at org.wso2.micro.integrator.crypto.impl.internal.CryptoImplComponent.activate(CryptoImplComponent.java:83)
	at java.base/jdk.internal.reflect.NativeMethodAccessorImpl.invoke0(Native Method)
	at java.base/jdk.internal.reflect.NativeMethodAccessorImpl.invoke(NativeMethodAccessorImpl.java:62)
	at java.base/jdk.internal.reflect.DelegatingMethodAccessorImpl.invoke(DelegatingMethodAccessorImpl.java:43)
	at java.base/java.lang.reflect.Method.invoke(Method.java:566)
	at org.eclipse.equinox.internal.ds.model.ServiceComponent.activate(ServiceComponent.java:235)
	at org.eclipse.equinox.internal.ds.model.ServiceComponentProp.activate(ServiceComponentProp.java:146)
	at org.eclipse.equinox.internal.ds.model.ServiceComponentProp.build(ServiceComponentProp.java:345)
	at org.eclipse.equinox.internal.ds.InstanceProcess.buildComponent(InstanceProcess.java:620)
	at org.eclipse.equinox.internal.ds.InstanceProcess.buildComponents(InstanceProcess.java:197)
	at org.eclipse.equinox.internal.ds.Resolver.buildNewlySatisfied(Resolver.java:473)
	at org.eclipse.equinox.internal.ds.Resolver.enableComponents(Resolver.java:217)
	at org.eclipse.equinox.internal.ds.SCRManager.performWork(SCRManager.java:816)
	at org.eclipse.equinox.internal.ds.SCRManager$QueuedJob.dispatch(SCRManager.java:783)
	at org.eclipse.equinox.internal.ds.WorkThread.run(WorkThread.java:89)
	at java.base/java.lang.Thread.run(Thread.java:829)
Caused by: java.security.UnrecoverableKeyException: failed to decrypt safe contents entry: javax.crypto.BadPaddingException: Given final block not properly padded. Such issues can arise if a bad key is used during decryption.
	... 50 more

[2025-03-11 20:56:12,240] ERROR {JKSKeyStoreLoader} - IOError loading keyStore from ' /home/wso2carbon/wso2mi-4.2.0/repository/resources/security/wso2carbon.jks ' java.io.IOException: keystore password was incorrect
	at java.base/sun.security.pkcs12.PKCS12KeyStore.engineLoad(PKCS12KeyStore.java:2092)
	at java.base/sun.security.util.KeyStoreDelegator.engineLoad(KeyStoreDelegator.java:243)
	at java.base/java.security.KeyStore.load(KeyStore.java:1479)
	at org.wso2.securevault.keystore.AbstractKeyStoreLoader.getKeyStore(AbstractKeyStoreLoader.java:79)
	at org.wso2.securevault.keystore.JKSKeyStoreLoader.getKeyStore(JKSKeyStoreLoader.java:34)
	at org.wso2.securevault.definition.KeyStoreInformation.getKeyStore(KeyStoreInformation.java:132)
	at org.wso2.securevault.definition.IdentityKeyStoreInformation.getIdentityKeyStore(IdentityKeyStoreInformation.java:69)
	at org.wso2.securevault.keystore.KeyStoreWrapper.init(KeyStoreWrapper.java:67)
	at org.wso2.securevault.keystore.IdentityKeyStoreWrapper.init(IdentityKeyStoreWrapper.java:35)
	at org.wso2.securevault.secret.SecretManager.init(SecretManager.java:150)
	at org.wso2.carbon.securevault.SecretManagerInitializer.init(SecretManagerInitializer.java:59)
	at org.wso2.carbon.securevault.internal.SecretManagerInitializerComponent.activate(SecretManagerInitializerComponent.java:47)
	at java.base/jdk.internal.reflect.NativeMethodAccessorImpl.invoke0(Native Method)
	at java.base/jdk.internal.reflect.NativeMethodAccessorImpl.invoke(NativeMethodAccessorImpl.java:62)
	at java.base/jdk.internal.reflect.DelegatingMethodAccessorImpl.invoke(DelegatingMethodAccessorImpl.java:43)
	at java.base/java.lang.reflect.Method.invoke(Method.java:566)
	at org.eclipse.equinox.internal.ds.model.ServiceComponent.activate(ServiceComponent.java:260)
	at org.eclipse.equinox.internal.ds.model.ServiceComponentProp.activate(ServiceComponentProp.java:146)
	at org.eclipse.equinox.internal.ds.model.ServiceComponentProp.build(ServiceComponentProp.java:345)
	at org.eclipse.equinox.internal.ds.InstanceProcess.buildComponent(InstanceProcess.java:620)
	at org.eclipse.equinox.internal.ds.InstanceProcess.buildComponents(InstanceProcess.java:197)
	at org.eclipse.equinox.internal.ds.Resolver.buildNewlySatisfied(Resolver.java:473)
	at org.eclipse.equinox.internal.ds.Resolver.enableComponents(Resolver.java:217)
	at org.eclipse.equinox.internal.ds.SCRManager.performWork(SCRManager.java:816)
	at org.eclipse.equinox.internal.ds.SCRManager$QueuedJob.dispatch(SCRManager.java:783)
	at org.eclipse.equinox.internal.ds.WorkThread.run(WorkThread.java:89)
	at java.base/java.lang.Thread.run(Thread.java:829)
Caused by: java.security.UnrecoverableKeyException: failed to decrypt safe contents entry: javax.crypto.BadPaddingException: Given final block not properly padded. Such issues can arise if a bad key is used during decryption.
	... 27 more

[2025-03-11 20:56:12,262] ERROR {JKSKeyStoreLoader} - IOError loading keyStore from ' /home/wso2carbon/wso2mi-4.2.0/repository/resources/security/wso2carbon.jks ' java.io.IOException: keystore password was incorrect
	at java.base/sun.security.pkcs12.PKCS12KeyStore.engineLoad(PKCS12KeyStore.java:2092)
	at java.base/sun.security.util.KeyStoreDelegator.engineLoad(KeyStoreDelegator.java:243)
	at java.base/java.security.KeyStore.load(KeyStore.java:1479)
	at org.wso2.securevault.keystore.AbstractKeyStoreLoader.getKeyStore(AbstractKeyStoreLoader.java:79)
	at org.wso2.securevault.keystore.JKSKeyStoreLoader.getKeyStore(JKSKeyStoreLoader.java:34)
	at org.wso2.securevault.definition.KeyStoreInformation.getKeyStore(KeyStoreInformation.java:132)
	at org.wso2.securevault.definition.IdentityKeyStoreInformation.getIdentityKeyStore(IdentityKeyStoreInformation.java:69)
	at org.wso2.securevault.keystore.KeyStoreWrapper.init(KeyStoreWrapper.java:67)
	at org.wso2.securevault.keystore.IdentityKeyStoreWrapper.init(IdentityKeyStoreWrapper.java:35)
	at org.wso2.securevault.secret.SecretManager.init(SecretManager.java:150)
	at org.wso2.carbon.securevault.SecretManagerInitializer.init(SecretManagerInitializer.java:59)
	at org.wso2.carbon.securevault.internal.SecretManagerInitializerComponent.activate(SecretManagerInitializerComponent.java:47)
	at java.base/jdk.internal.reflect.NativeMethodAccessorImpl.invoke0(Native Method)
	at java.base/jdk.internal.reflect.NativeMethodAccessorImpl.invoke(NativeMethodAccessorImpl.java:62)
	at java.base/jdk.internal.reflect.DelegatingMethodAccessorImpl.invoke(DelegatingMethodAccessorImpl.java:43)
	at java.base/java.lang.reflect.Method.invoke(Method.java:566)
	at org.eclipse.equinox.internal.ds.model.ServiceComponent.activate(ServiceComponent.java:260)
	at org.eclipse.equinox.internal.ds.model.ServiceComponentProp.activate(ServiceComponentProp.java:146)
	at org.eclipse.equinox.internal.ds.model.ServiceComponentProp.build(ServiceComponentProp.java:345)
	at org.eclipse.equinox.internal.ds.InstanceProcess.buildComponent(InstanceProcess.java:620)
	at org.eclipse.equinox.internal.ds.InstanceProcess.buildComponents(InstanceProcess.java:197)
	at org.eclipse.equinox.internal.ds.Resolver.buildNewlySatisfied(Resolver.java:473)
	at org.eclipse.equinox.internal.ds.Resolver.enableComponents(Resolver.java:217)
	at org.eclipse.equinox.internal.ds.SCRManager.performWork(SCRManager.java:816)
	at org.eclipse.equinox.internal.ds.SCRManager$QueuedJob.dispatch(SCRManager.java:783)
	at org.eclipse.equinox.internal.ds.WorkThread.run(WorkThread.java:89)
	at java.base/java.lang.Thread.run(Thread.java:829)
Caused by: java.security.UnrecoverableKeyException: failed to decrypt safe contents entry: javax.crypto.BadPaddingException: Given final block not properly padded. Such issues can arise if a bad key is used during decryption.
	... 27 more

[2025-03-11 20:56:12,280] ERROR {JKSKeyStoreLoader} - IOError loading keyStore from ' /home/wso2carbon/wso2mi-4.2.0/repository/resources/security/wso2carbon.jks ' java.io.IOException: keystore password was incorrect
	at java.base/sun.security.pkcs12.PKCS12KeyStore.engineLoad(PKCS12KeyStore.java:2092)
	at java.base/sun.security.util.KeyStoreDelegator.engineLoad(KeyStoreDelegator.java:243)
	at java.base/java.security.KeyStore.load(KeyStore.java:1479)
	at org.wso2.securevault.keystore.AbstractKeyStoreLoader.getKeyStore(AbstractKeyStoreLoader.java:79)
	at org.wso2.securevault.keystore.JKSKeyStoreLoader.getKeyStore(JKSKeyStoreLoader.java:34)
	at org.wso2.securevault.definition.KeyStoreInformation.getKeyStore(KeyStoreInformation.java:132)
	at org.wso2.securevault.definition.IdentityKeyStoreInformation.getIdentityKeyStore(IdentityKeyStoreInformation.java:69)
	at org.wso2.securevault.keystore.KeyStoreWrapper.init(KeyStoreWrapper.java:67)
	at org.wso2.securevault.keystore.IdentityKeyStoreWrapper.init(IdentityKeyStoreWrapper.java:35)
	at org.wso2.securevault.secret.SecretManager.init(SecretManager.java:150)
	at org.wso2.carbon.securevault.SecretManagerInitializer.init(SecretManagerInitializer.java:59)
	at org.wso2.carbon.securevault.internal.SecretManagerInitializerComponent.activate(SecretManagerInitializerComponent.java:47)
	at java.base/jdk.internal.reflect.NativeMethodAccessorImpl.invoke0(Native Method)
	at java.base/jdk.internal.reflect.NativeMethodAccessorImpl.invoke(NativeMethodAccessorImpl.java:62)
	at java.base/jdk.internal.reflect.DelegatingMethodAccessorImpl.invoke(DelegatingMethodAccessorImpl.java:43)
	at java.base/java.lang.reflect.Method.invoke(Method.java:566)
	at org.eclipse.equinox.internal.ds.model.ServiceComponent.activate(ServiceComponent.java:260)
	at org.eclipse.equinox.internal.ds.model.ServiceComponentProp.activate(ServiceComponentProp.java:146)
	at org.eclipse.equinox.internal.ds.model.ServiceComponentProp.build(ServiceComponentProp.java:345)
	at org.eclipse.equinox.internal.ds.InstanceProcess.buildComponent(InstanceProcess.java:620)
	at org.eclipse.equinox.internal.ds.InstanceProcess.buildComponents(InstanceProcess.java:197)
	at org.eclipse.equinox.internal.ds.Resolver.buildNewlySatisfied(Resolver.java:473)
	at org.eclipse.equinox.internal.ds.Resolver.enableComponents(Resolver.java:217)
	at org.eclipse.equinox.internal.ds.SCRManager.performWork(SCRManager.java:816)
	at org.eclipse.equinox.internal.ds.SCRManager$QueuedJob.dispatch(SCRManager.java:783)
	at org.eclipse.equinox.internal.ds.WorkThread.run(WorkThread.java:89)
	at java.base/java.lang.Thread.run(Thread.java:829)
Caused by: java.security.UnrecoverableKeyException: failed to decrypt safe contents entry: javax.crypto.BadPaddingException: Given final block not properly padded. Such issues can arise if a bad key is used during decryption.
	... 27 more

[2025-03-11 20:56:12,296] ERROR {JKSKeyStoreLoader} - IOError loading keyStore from ' /home/wso2carbon/wso2mi-4.2.0/repository/resources/security/wso2carbon.jks ' java.io.IOException: keystore password was incorrect
	at java.base/sun.security.pkcs12.PKCS12KeyStore.engineLoad(PKCS12KeyStore.java:2092)
	at java.base/sun.security.util.KeyStoreDelegator.engineLoad(KeyStoreDelegator.java:243)
	at java.base/java.security.KeyStore.load(KeyStore.java:1479)
	at org.wso2.securevault.keystore.AbstractKeyStoreLoader.getKeyStore(AbstractKeyStoreLoader.java:79)
	at org.wso2.securevault.keystore.JKSKeyStoreLoader.getKeyStore(JKSKeyStoreLoader.java:34)
	at org.wso2.securevault.definition.KeyStoreInformation.getKeyStore(KeyStoreInformation.java:132)
	at org.wso2.securevault.definition.IdentityKeyStoreInformation.getIdentityKeyStore(IdentityKeyStoreInformation.java:69)
	at org.wso2.securevault.keystore.KeyStoreWrapper.init(KeyStoreWrapper.java:67)
	at org.wso2.securevault.keystore.IdentityKeyStoreWrapper.init(IdentityKeyStoreWrapper.java:35)
	at org.wso2.securevault.secret.SecretManager.init(SecretManager.java:150)
	at org.wso2.carbon.securevault.SecretManagerInitializer.init(SecretManagerInitializer.java:59)
	at org.wso2.carbon.securevault.internal.SecretManagerInitializerComponent.activate(SecretManagerInitializerComponent.java:47)
	at java.base/jdk.internal.reflect.NativeMethodAccessorImpl.invoke0(Native Method)
	at java.base/jdk.internal.reflect.NativeMethodAccessorImpl.invoke(NativeMethodAccessorImpl.java:62)
	at java.base/jdk.internal.reflect.DelegatingMethodAccessorImpl.invoke(DelegatingMethodAccessorImpl.java:43)
	at java.base/java.lang.reflect.Method.invoke(Method.java:566)
	at org.eclipse.equinox.internal.ds.model.ServiceComponent.activate(ServiceComponent.java:260)
	at org.eclipse.equinox.internal.ds.model.ServiceComponentProp.activate(ServiceComponentProp.java:146)
	at org.eclipse.equinox.internal.ds.model.ServiceComponentProp.build(ServiceComponentProp.java:345)
	at org.eclipse.equinox.internal.ds.InstanceProcess.buildComponent(InstanceProcess.java:620)
	at org.eclipse.equinox.internal.ds.InstanceProcess.buildComponents(InstanceProcess.java:197)
	at org.eclipse.equinox.internal.ds.Resolver.buildNewlySatisfied(Resolver.java:473)
	at org.eclipse.equinox.internal.ds.Resolver.enableComponents(Resolver.java:217)
	at org.eclipse.equinox.internal.ds.SCRManager.performWork(SCRManager.java:816)
	at org.eclipse.equinox.internal.ds.SCRManager$QueuedJob.dispatch(SCRManager.java:783)
	at org.eclipse.equinox.internal.ds.WorkThread.run(WorkThread.java:89)
	at java.base/java.lang.Thread.run(Thread.java:829)
Caused by: java.security.UnrecoverableKeyException: failed to decrypt safe contents entry: javax.crypto.BadPaddingException: Given final block not properly padded. Such issues can arise if a bad key is used during decryption.
	... 27 more

[2025-03-11 20:56:12,313] ERROR {JKSKeyStoreLoader} - IOError loading keyStore from ' /home/wso2carbon/wso2mi-4.2.0/repository/resources/security/wso2carbon.jks ' java.io.IOException: keystore password was incorrect
	at java.base/sun.security.pkcs12.PKCS12KeyStore.engineLoad(PKCS12KeyStore.java:2092)
	at java.base/sun.security.util.KeyStoreDelegator.engineLoad(KeyStoreDelegator.java:243)
	at java.base/java.security.KeyStore.load(KeyStore.java:1479)
	at org.wso2.securevault.keystore.AbstractKeyStoreLoader.getKeyStore(AbstractKeyStoreLoader.java:79)
	at org.wso2.securevault.keystore.JKSKeyStoreLoader.getKeyStore(JKSKeyStoreLoader.java:34)
	at org.wso2.securevault.definition.KeyStoreInformation.getKeyStore(KeyStoreInformation.java:132)
	at org.wso2.securevault.definition.IdentityKeyStoreInformation.getIdentityKeyStore(IdentityKeyStoreInformation.java:69)
	at org.wso2.securevault.keystore.KeyStoreWrapper.init(KeyStoreWrapper.java:67)
	at org.wso2.securevault.keystore.IdentityKeyStoreWrapper.init(IdentityKeyStoreWrapper.java:35)
	at org.wso2.securevault.secret.SecretManager.init(SecretManager.java:150)
	at org.wso2.carbon.securevault.SecretManagerInitializer.init(SecretManagerInitializer.java:59)
	at org.wso2.carbon.securevault.internal.SecretManagerInitializerComponent.activate(SecretManagerInitializerComponent.java:47)
	at java.base/jdk.internal.reflect.NativeMethodAccessorImpl.invoke0(Native Method)
	at java.base/jdk.internal.reflect.NativeMethodAccessorImpl.invoke(NativeMethodAccessorImpl.java:62)
	at java.base/jdk.internal.reflect.DelegatingMethodAccessorImpl.invoke(DelegatingMethodAccessorImpl.java:43)
	at java.base/java.lang.reflect.Method.invoke(Method.java:566)
	at org.eclipse.equinox.internal.ds.model.ServiceComponent.activate(ServiceComponent.java:260)
	at org.eclipse.equinox.internal.ds.model.ServiceComponentProp.activate(ServiceComponentProp.java:146)
	at org.eclipse.equinox.internal.ds.model.ServiceComponentProp.build(ServiceComponentProp.java:345)
	at org.eclipse.equinox.internal.ds.InstanceProcess.buildComponent(InstanceProcess.java:620)
	at org.eclipse.equinox.internal.ds.InstanceProcess.buildComponents(InstanceProcess.java:197)
	at org.eclipse.equinox.internal.ds.Resolver.buildNewlySatisfied(Resolver.java:473)
	at org.eclipse.equinox.internal.ds.Resolver.enableComponents(Resolver.java:217)
	at org.eclipse.equinox.internal.ds.SCRManager.performWork(SCRManager.java:816)
	at org.eclipse.equinox.internal.ds.SCRManager$QueuedJob.dispatch(SCRManager.java:783)
	at org.eclipse.equinox.internal.ds.WorkThread.run(WorkThread.java:89)
	at java.base/java.lang.Thread.run(Thread.java:829)
Caused by: java.security.UnrecoverableKeyException: failed to decrypt safe contents entry: javax.crypto.BadPaddingException: Given final block not properly padded. Such issues can arise if a bad key is used during decryption.
	... 27 more

[2025-03-11 20:56:12,329] ERROR {JKSKeyStoreLoader} - IOError loading keyStore from ' /home/wso2carbon/wso2mi-4.2.0/repository/resources/security/wso2carbon.jks ' java.io.IOException: keystore password was incorrect
	at java.base/sun.security.pkcs12.PKCS12KeyStore.engineLoad(PKCS12KeyStore.java:2092)
	at java.base/sun.security.util.KeyStoreDelegator.engineLoad(KeyStoreDelegator.java:243)
	at java.base/java.security.KeyStore.load(KeyStore.java:1479)
	at org.wso2.securevault.keystore.AbstractKeyStoreLoader.getKeyStore(AbstractKeyStoreLoader.java:79)
	at org.wso2.securevault.keystore.JKSKeyStoreLoader.getKeyStore(JKSKeyStoreLoader.java:34)
	at org.wso2.securevault.definition.KeyStoreInformation.getKeyStore(KeyStoreInformation.java:132)
	at org.wso2.securevault.definition.IdentityKeyStoreInformation.getIdentityKeyStore(IdentityKeyStoreInformation.java:69)
	at org.wso2.securevault.keystore.KeyStoreWrapper.init(KeyStoreWrapper.java:67)
	at org.wso2.securevault.keystore.IdentityKeyStoreWrapper.init(IdentityKeyStoreWrapper.java:35)
	at org.wso2.securevault.secret.SecretManager.init(SecretManager.java:150)
	at org.wso2.carbon.securevault.SecretManagerInitializer.init(SecretManagerInitializer.java:59)
	at org.wso2.carbon.securevault.internal.SecretManagerInitializerComponent.activate(SecretManagerInitializerComponent.java:47)
	at java.base/jdk.internal.reflect.NativeMethodAccessorImpl.invoke0(Native Method)
	at java.base/jdk.internal.reflect.NativeMethodAccessorImpl.invoke(NativeMethodAccessorImpl.java:62)
	at java.base/jdk.internal.reflect.DelegatingMethodAccessorImpl.invoke(DelegatingMethodAccessorImpl.java:43)
	at java.base/java.lang.reflect.Method.invoke(Method.java:566)
	at org.eclipse.equinox.internal.ds.model.ServiceComponent.activate(ServiceComponent.java:260)
	at org.eclipse.equinox.internal.ds.model.ServiceComponentProp.activate(ServiceComponentProp.java:146)
	at org.eclipse.equinox.internal.ds.model.ServiceComponentProp.build(ServiceComponentProp.java:345)
	at org.eclipse.equinox.internal.ds.InstanceProcess.buildComponent(InstanceProcess.java:620)
	at org.eclipse.equinox.internal.ds.InstanceProcess.buildComponents(InstanceProcess.java:197)
	at org.eclipse.equinox.internal.ds.Resolver.buildNewlySatisfied(Resolver.java:473)
	at org.eclipse.equinox.internal.ds.Resolver.enableComponents(Resolver.java:217)
	at org.eclipse.equinox.internal.ds.SCRManager.performWork(SCRManager.java:816)
	at org.eclipse.equinox.internal.ds.SCRManager$QueuedJob.dispatch(SCRManager.java:783)
	at org.eclipse.equinox.internal.ds.WorkThread.run(WorkThread.java:89)
	at java.base/java.lang.Thread.run(Thread.java:829)
Caused by: java.security.UnrecoverableKeyException: failed to decrypt safe contents entry: javax.crypto.BadPaddingException: Given final block not properly padded. Such issues can arise if a bad key is used during decryption.
	... 27 more

[2025-03-11 20:56:12,346] ERROR {JKSKeyStoreLoader} - IOError loading keyStore from ' /home/wso2carbon/wso2mi-4.2.0/repository/resources/security/wso2carbon.jks ' java.io.IOException: keystore password was incorrect
	at java.base/sun.security.pkcs12.PKCS12KeyStore.engineLoad(PKCS12KeyStore.java:2092)
	at java.base/sun.security.util.KeyStoreDelegator.engineLoad(KeyStoreDelegator.java:243)
	at java.base/java.security.KeyStore.load(KeyStore.java:1479)
	at org.wso2.securevault.keystore.AbstractKeyStoreLoader.getKeyStore(AbstractKeyStoreLoader.java:79)
	at org.wso2.securevault.keystore.JKSKeyStoreLoader.getKeyStore(JKSKeyStoreLoader.java:34)
	at org.wso2.securevault.definition.KeyStoreInformation.getKeyStore(KeyStoreInformation.java:132)
	at org.wso2.securevault.definition.IdentityKeyStoreInformation.getIdentityKeyStore(IdentityKeyStoreInformation.java:69)
	at org.wso2.securevault.keystore.KeyStoreWrapper.init(KeyStoreWrapper.java:67)
	at org.wso2.securevault.keystore.IdentityKeyStoreWrapper.init(IdentityKeyStoreWrapper.java:35)
	at org.wso2.securevault.secret.SecretManager.init(SecretManager.java:150)
	at org.wso2.carbon.securevault.SecretManagerInitializer.init(SecretManagerInitializer.java:59)
	at org.wso2.carbon.securevault.internal.SecretManagerInitializerComponent.activate(SecretManagerInitializerComponent.java:47)
	at java.base/jdk.internal.reflect.NativeMethodAccessorImpl.invoke0(Native Method)
	at java.base/jdk.internal.reflect.NativeMethodAccessorImpl.invoke(NativeMethodAccessorImpl.java:62)
	at java.base/jdk.internal.reflect.DelegatingMethodAccessorImpl.invoke(DelegatingMethodAccessorImpl.java:43)
	at java.base/java.lang.reflect.Method.invoke(Method.java:566)
	at org.eclipse.equinox.internal.ds.model.ServiceComponent.activate(ServiceComponent.java:260)
	at org.eclipse.equinox.internal.ds.model.ServiceComponentProp.activate(ServiceComponentProp.java:146)
	at org.eclipse.equinox.internal.ds.model.ServiceComponentProp.build(ServiceComponentProp.java:345)
	at org.eclipse.equinox.internal.ds.InstanceProcess.buildComponent(InstanceProcess.java:620)
	at org.eclipse.equinox.internal.ds.InstanceProcess.buildComponents(InstanceProcess.java:197)
	at org.eclipse.equinox.internal.ds.Resolver.getEligible(Resolver.java:343)
	at org.eclipse.equinox.internal.ds.SCRManager.serviceChanged(SCRManager.java:222)
	at org.eclipse.osgi.internal.serviceregistry.FilteredServiceListener.serviceChanged(FilteredServiceListener.java:113)
	at org.eclipse.osgi.internal.framework.BundleContextImpl.dispatchEvent(BundleContextImpl.java:985)
	at org.eclipse.osgi.framework.eventmgr.EventManager.dispatchEvent(EventManager.java:234)
	at org.eclipse.osgi.framework.eventmgr.ListenerQueue.dispatchEventSynchronous(ListenerQueue.java:151)
	at org.eclipse.osgi.internal.serviceregistry.ServiceRegistry.publishServiceEventPrivileged(ServiceRegistry.java:866)
	at org.eclipse.osgi.internal.serviceregistry.ServiceRegistry.publishServiceEvent(ServiceRegistry.java:804)
	at org.eclipse.osgi.internal.serviceregistry.ServiceRegistrationImpl.register(ServiceRegistrationImpl.java:130)
	at org.eclipse.osgi.internal.serviceregistry.ServiceRegistry.registerService(ServiceRegistry.java:228)
	at org.eclipse.osgi.internal.framework.BundleContextImpl.registerService(BundleContextImpl.java:525)
	at org.eclipse.equinox.internal.ds.InstanceProcess.registerService(InstanceProcess.java:536)
	at org.eclipse.equinox.internal.ds.InstanceProcess.buildComponents(InstanceProcess.java:213)
	at org.eclipse.equinox.internal.ds.Resolver.buildNewlySatisfied(Resolver.java:473)
	at org.eclipse.equinox.internal.ds.Resolver.enableComponents(Resolver.java:217)
	at org.eclipse.equinox.internal.ds.SCRManager.performWork(SCRManager.java:816)
	at org.eclipse.equinox.internal.ds.SCRManager$QueuedJob.dispatch(SCRManager.java:783)
	at org.eclipse.equinox.internal.ds.WorkThread.run(WorkThread.java:89)
	at java.base/java.lang.Thread.run(Thread.java:829)
Caused by: java.security.UnrecoverableKeyException: failed to decrypt safe contents entry: javax.crypto.BadPaddingException: Given final block not properly padded. Such issues can arise if a bad key is used during decryption.
	... 40 more

[2025-03-11 20:56:12,362] ERROR {JKSKeyStoreLoader} - IOError loading keyStore from ' /home/wso2carbon/wso2mi-4.2.0/repository/resources/security/wso2carbon.jks ' java.io.IOException: keystore password was incorrect
	at java.base/sun.security.pkcs12.PKCS12KeyStore.engineLoad(PKCS12KeyStore.java:2092)
	at java.base/sun.security.util.KeyStoreDelegator.engineLoad(KeyStoreDelegator.java:243)
	at java.base/java.security.KeyStore.load(KeyStore.java:1479)
	at org.wso2.securevault.keystore.AbstractKeyStoreLoader.getKeyStore(AbstractKeyStoreLoader.java:79)
	at org.wso2.securevault.keystore.JKSKeyStoreLoader.getKeyStore(JKSKeyStoreLoader.java:34)
	at org.wso2.securevault.definition.KeyStoreInformation.getKeyStore(KeyStoreInformation.java:132)
	at org.wso2.securevault.definition.IdentityKeyStoreInformation.getIdentityKeyStore(IdentityKeyStoreInformation.java:69)
	at org.wso2.securevault.keystore.KeyStoreWrapper.init(KeyStoreWrapper.java:67)
	at org.wso2.securevault.keystore.IdentityKeyStoreWrapper.init(IdentityKeyStoreWrapper.java:35)
	at org.wso2.securevault.secret.SecretManager.init(SecretManager.java:150)
	at org.wso2.carbon.securevault.SecretManagerInitializer.init(SecretManagerInitializer.java:59)
	at org.wso2.carbon.securevault.internal.SecretManagerInitializerComponent.activate(SecretManagerInitializerComponent.java:47)
	at java.base/jdk.internal.reflect.NativeMethodAccessorImpl.invoke0(Native Method)
	at java.base/jdk.internal.reflect.NativeMethodAccessorImpl.invoke(NativeMethodAccessorImpl.java:62)
	at java.base/jdk.internal.reflect.DelegatingMethodAccessorImpl.invoke(DelegatingMethodAccessorImpl.java:43)
	at java.base/java.lang.reflect.Method.invoke(Method.java:566)
	at org.eclipse.equinox.internal.ds.model.ServiceComponent.activate(ServiceComponent.java:260)
	at org.eclipse.equinox.internal.ds.model.ServiceComponentProp.activate(ServiceComponentProp.java:146)
	at org.eclipse.equinox.internal.ds.model.ServiceComponentProp.build(ServiceComponentProp.java:345)
	at org.eclipse.equinox.internal.ds.InstanceProcess.buildComponent(InstanceProcess.java:620)
	at org.eclipse.equinox.internal.ds.InstanceProcess.buildComponents(InstanceProcess.java:197)
	at org.eclipse.equinox.internal.ds.Resolver.buildNewlySatisfied(Resolver.java:473)
	at org.eclipse.equinox.internal.ds.Resolver.enableComponents(Resolver.java:217)
	at org.eclipse.equinox.internal.ds.SCRManager.performWork(SCRManager.java:816)
	at org.eclipse.equinox.internal.ds.SCRManager$QueuedJob.dispatch(SCRManager.java:783)
	at org.eclipse.equinox.internal.ds.WorkThread.run(WorkThread.java:89)
	at java.base/java.lang.Thread.run(Thread.java:829)
Caused by: java.security.UnrecoverableKeyException: failed to decrypt safe contents entry: javax.crypto.BadPaddingException: Given final block not properly padded. Such issues can arise if a bad key is used during decryption.
	... 27 more

[2025-03-11 20:56:12,380] ERROR {JKSKeyStoreLoader} - IOError loading keyStore from ' /home/wso2carbon/wso2mi-4.2.0/repository/resources/security/wso2carbon.jks ' java.io.IOException: keystore password was incorrect
	at java.base/sun.security.pkcs12.PKCS12KeyStore.engineLoad(PKCS12KeyStore.java:2092)
	at java.base/sun.security.util.KeyStoreDelegator.engineLoad(KeyStoreDelegator.java:243)
	at java.base/java.security.KeyStore.load(KeyStore.java:1479)
	at org.wso2.securevault.keystore.AbstractKeyStoreLoader.getKeyStore(AbstractKeyStoreLoader.java:79)
	at org.wso2.securevault.keystore.JKSKeyStoreLoader.getKeyStore(JKSKeyStoreLoader.java:34)
	at org.wso2.securevault.definition.KeyStoreInformation.getKeyStore(KeyStoreInformation.java:132)
	at org.wso2.securevault.definition.IdentityKeyStoreInformation.getIdentityKeyStore(IdentityKeyStoreInformation.java:69)
	at org.wso2.securevault.keystore.KeyStoreWrapper.init(KeyStoreWrapper.java:67)
	at org.wso2.securevault.keystore.IdentityKeyStoreWrapper.init(IdentityKeyStoreWrapper.java:35)
	at org.wso2.securevault.secret.SecretManager.init(SecretManager.java:150)
	at org.wso2.carbon.securevault.SecretManagerInitializer.init(SecretManagerInitializer.java:59)
	at org.wso2.carbon.securevault.internal.SecretManagerInitializerComponent.activate(SecretManagerInitializerComponent.java:47)
	at java.base/jdk.internal.reflect.NativeMethodAccessorImpl.invoke0(Native Method)
	at java.base/jdk.internal.reflect.NativeMethodAccessorImpl.invoke(NativeMethodAccessorImpl.java:62)
	at java.base/jdk.internal.reflect.DelegatingMethodAccessorImpl.invoke(DelegatingMethodAccessorImpl.java:43)
	at java.base/java.lang.reflect.Method.invoke(Method.java:566)
	at org.eclipse.equinox.internal.ds.model.ServiceComponent.activate(ServiceComponent.java:260)
	at org.eclipse.equinox.internal.ds.model.ServiceComponentProp.activate(ServiceComponentProp.java:146)
	at org.eclipse.equinox.internal.ds.model.ServiceComponentProp.build(ServiceComponentProp.java:345)
	at org.eclipse.equinox.internal.ds.InstanceProcess.buildComponent(InstanceProcess.java:620)
	at org.eclipse.equinox.internal.ds.InstanceProcess.buildComponents(InstanceProcess.java:197)
	at org.eclipse.equinox.internal.ds.Resolver.buildNewlySatisfied(Resolver.java:473)
	at org.eclipse.equinox.internal.ds.Resolver.enableComponents(Resolver.java:217)
	at org.eclipse.equinox.internal.ds.SCRManager.performWork(SCRManager.java:816)
	at org.eclipse.equinox.internal.ds.SCRManager$QueuedJob.dispatch(SCRManager.java:783)
	at org.eclipse.equinox.internal.ds.WorkThread.run(WorkThread.java:89)
	at java.base/java.lang.Thread.run(Thread.java:829)
Caused by: java.security.UnrecoverableKeyException: failed to decrypt safe contents entry: javax.crypto.BadPaddingException: Given final block not properly padded. Such issues can arise if a bad key is used during decryption.
	... 27 more

[2025-03-11 20:56:12,397] ERROR {JKSKeyStoreLoader} - IOError loading keyStore from ' /home/wso2carbon/wso2mi-4.2.0/repository/resources/security/wso2carbon.jks ' java.io.IOException: keystore password was incorrect
	at java.base/sun.security.pkcs12.PKCS12KeyStore.engineLoad(PKCS12KeyStore.java:2092)
	at java.base/sun.security.util.KeyStoreDelegator.engineLoad(KeyStoreDelegator.java:243)
	at java.base/java.security.KeyStore.load(KeyStore.java:1479)
	at org.wso2.securevault.keystore.AbstractKeyStoreLoader.getKeyStore(AbstractKeyStoreLoader.java:79)
	at org.wso2.securevault.keystore.JKSKeyStoreLoader.getKeyStore(JKSKeyStoreLoader.java:34)
	at org.wso2.securevault.definition.KeyStoreInformation.getKeyStore(KeyStoreInformation.java:132)
	at org.wso2.securevault.definition.IdentityKeyStoreInformation.getIdentityKeyStore(IdentityKeyStoreInformation.java:69)
	at org.wso2.securevault.keystore.KeyStoreWrapper.init(KeyStoreWrapper.java:67)
	at org.wso2.securevault.keystore.IdentityKeyStoreWrapper.init(IdentityKeyStoreWrapper.java:35)
	at org.wso2.securevault.secret.SecretManager.init(SecretManager.java:150)
	at org.wso2.carbon.securevault.SecretManagerInitializer.init(SecretManagerInitializer.java:59)
	at org.wso2.carbon.securevault.internal.SecretManagerInitializerComponent.activate(SecretManagerInitializerComponent.java:47)
	at java.base/jdk.internal.reflect.NativeMethodAccessorImpl.invoke0(Native Method)
	at java.base/jdk.internal.reflect.NativeMethodAccessorImpl.invoke(NativeMethodAccessorImpl.java:62)
	at java.base/jdk.internal.reflect.DelegatingMethodAccessorImpl.invoke(DelegatingMethodAccessorImpl.java:43)
	at java.base/java.lang.reflect.Method.invoke(Method.java:566)
	at org.eclipse.equinox.internal.ds.model.ServiceComponent.activate(ServiceComponent.java:260)
	at org.eclipse.equinox.internal.ds.model.ServiceComponentProp.activate(ServiceComponentProp.java:146)
	at org.eclipse.equinox.internal.ds.model.ServiceComponentProp.build(ServiceComponentProp.java:345)
	at org.eclipse.equinox.internal.ds.InstanceProcess.buildComponent(InstanceProcess.java:620)
	at org.eclipse.equinox.internal.ds.InstanceProcess.buildComponents(InstanceProcess.java:197)
	at org.eclipse.equinox.internal.ds.Resolver.buildNewlySatisfied(Resolver.java:473)
	at org.eclipse.equinox.internal.ds.Resolver.enableComponents(Resolver.java:217)
	at org.eclipse.equinox.internal.ds.SCRManager.performWork(SCRManager.java:816)
	at org.eclipse.equinox.internal.ds.SCRManager$QueuedJob.dispatch(SCRManager.java:783)
	at org.eclipse.equinox.internal.ds.WorkThread.run(WorkThread.java:89)
	at java.base/java.lang.Thread.run(Thread.java:829)
Caused by: java.security.UnrecoverableKeyException: failed to decrypt safe contents entry: javax.crypto.BadPaddingException: Given final block not properly padded. Such issues can arise if a bad key is used during decryption.
	... 27 more

[2025-03-11 20:56:12,415] ERROR {JKSKeyStoreLoader} - IOError loading keyStore from ' /home/wso2carbon/wso2mi-4.2.0/repository/resources/security/wso2carbon.jks ' java.io.IOException: keystore password was incorrect
	at java.base/sun.security.pkcs12.PKCS12KeyStore.engineLoad(PKCS12KeyStore.java:2092)
	at java.base/sun.security.util.KeyStoreDelegator.engineLoad(KeyStoreDelegator.java:243)
	at java.base/java.security.KeyStore.load(KeyStore.java:1479)
	at org.wso2.securevault.keystore.AbstractKeyStoreLoader.getKeyStore(AbstractKeyStoreLoader.java:79)
	at org.wso2.securevault.keystore.JKSKeyStoreLoader.getKeyStore(JKSKeyStoreLoader.java:34)
	at org.wso2.securevault.definition.KeyStoreInformation.getKeyStore(KeyStoreInformation.java:132)
	at org.wso2.securevault.definition.IdentityKeyStoreInformation.getIdentityKeyStore(IdentityKeyStoreInformation.java:69)
	at org.wso2.securevault.keystore.KeyStoreWrapper.init(KeyStoreWrapper.java:67)
	at org.wso2.securevault.keystore.IdentityKeyStoreWrapper.init(IdentityKeyStoreWrapper.java:35)
	at org.wso2.securevault.secret.SecretManager.init(SecretManager.java:150)
	at org.wso2.carbon.securevault.SecretManagerInitializer.init(SecretManagerInitializer.java:59)
	at org.wso2.carbon.securevault.internal.SecretManagerInitializerComponent.activate(SecretManagerInitializerComponent.java:47)
	at java.base/jdk.internal.reflect.NativeMethodAccessorImpl.invoke0(Native Method)
	at java.base/jdk.internal.reflect.NativeMethodAccessorImpl.invoke(NativeMethodAccessorImpl.java:62)
	at java.base/jdk.internal.reflect.DelegatingMethodAccessorImpl.invoke(DelegatingMethodAccessorImpl.java:43)
	at java.base/java.lang.reflect.Method.invoke(Method.java:566)
	at org.eclipse.equinox.internal.ds.model.ServiceComponent.activate(ServiceComponent.java:260)
	at org.eclipse.equinox.internal.ds.model.ServiceComponentProp.activate(ServiceComponentProp.java:146)
	at org.eclipse.equinox.internal.ds.model.ServiceComponentProp.build(ServiceComponentProp.java:345)
	at org.eclipse.equinox.internal.ds.InstanceProcess.buildComponent(InstanceProcess.java:620)
	at org.eclipse.equinox.internal.ds.InstanceProcess.buildComponents(InstanceProcess.java:197)
	at org.eclipse.equinox.internal.ds.Resolver.buildNewlySatisfied(Resolver.java:473)
	at org.eclipse.equinox.internal.ds.Resolver.enableComponents(Resolver.java:217)
	at org.eclipse.equinox.internal.ds.SCRManager.performWork(SCRManager.java:816)
	at org.eclipse.equinox.internal.ds.SCRManager$QueuedJob.dispatch(SCRManager.java:783)
	at org.eclipse.equinox.internal.ds.WorkThread.run(WorkThread.java:89)
	at java.base/java.lang.Thread.run(Thread.java:829)
Caused by: java.security.UnrecoverableKeyException: failed to decrypt safe contents entry: javax.crypto.BadPaddingException: Given final block not properly padded. Such issues can arise if a bad key is used during decryption.
	... 27 more

[2025-03-11 20:56:12,422] ERROR {Framework} - FrameworkEvent ERROR org.osgi.framework.BundleException: Could not resolve module: org.wso2.micro.integrator.observability [234]
  Unresolved requirement: Import-Package: org.wso2.carbon.inbound.endpoint.internal.http.api; version="4.2.0"

	at org.eclipse.osgi.container.Module.start(Module.java:457)
	at org.eclipse.osgi.container.ModuleContainer$ContainerStartLevel$1.run(ModuleContainer.java:1820)
	at org.eclipse.osgi.internal.framework.EquinoxContainerAdaptor$2$1.execute(EquinoxContainerAdaptor.java:150)
	at org.eclipse.osgi.container.ModuleContainer$ContainerStartLevel.incStartLevel(ModuleContainer.java:1813)
	at org.eclipse.osgi.container.ModuleContainer$ContainerStartLevel.incStartLevel(ModuleContainer.java:1770)
	at org.eclipse.osgi.container.ModuleContainer$ContainerStartLevel.doContainerStartLevel(ModuleContainer.java:1735)
	at org.eclipse.osgi.container.ModuleContainer$ContainerStartLevel.dispatchEvent(ModuleContainer.java:1661)
	at org.eclipse.osgi.container.ModuleContainer$ContainerStartLevel.dispatchEvent(ModuleContainer.java:1)
	at org.eclipse.osgi.framework.eventmgr.EventManager.dispatchEvent(EventManager.java:234)
	at org.eclipse.osgi.framework.eventmgr.EventManager$EventThread.run(EventManager.java:345)

[2025-03-11 20:56:12,488] ERROR {JKSKeyStoreLoader} - IOError loading keyStore from ' /home/wso2carbon/wso2mi-4.2.0/repository/resources/security/wso2carbon.jks ' java.io.IOException: keystore password was incorrect
	at java.base/sun.security.pkcs12.PKCS12KeyStore.engineLoad(PKCS12KeyStore.java:2092)
	at java.base/sun.security.util.KeyStoreDelegator.engineLoad(KeyStoreDelegator.java:243)
	at java.base/java.security.KeyStore.load(KeyStore.java:1479)
	at org.wso2.securevault.keystore.AbstractKeyStoreLoader.getKeyStore(AbstractKeyStoreLoader.java:79)
	at org.wso2.securevault.keystore.JKSKeyStoreLoader.getKeyStore(JKSKeyStoreLoader.java:34)
	at org.wso2.securevault.definition.KeyStoreInformation.getKeyStore(KeyStoreInformation.java:132)
	at org.wso2.securevault.definition.IdentityKeyStoreInformation.getIdentityKeyStore(IdentityKeyStoreInformation.java:69)
	at org.wso2.securevault.keystore.KeyStoreWrapper.init(KeyStoreWrapper.java:67)
	at org.wso2.securevault.keystore.IdentityKeyStoreWrapper.init(IdentityKeyStoreWrapper.java:35)
	at org.wso2.securevault.secret.SecretManager.init(SecretManager.java:150)
	at org.wso2.carbon.securevault.SecretManagerInitializer.init(SecretManagerInitializer.java:59)
	at org.wso2.carbon.securevault.internal.SecretManagerInitializerComponent.activate(SecretManagerInitializerComponent.java:47)
	at jdk.internal.reflect.GeneratedMethodAccessor22.invoke(Unknown Source)
	at java.base/jdk.internal.reflect.DelegatingMethodAccessorImpl.invoke(DelegatingMethodAccessorImpl.java:43)
	at java.base/java.lang.reflect.Method.invoke(Method.java:566)
	at org.eclipse.equinox.internal.ds.model.ServiceComponent.activate(ServiceComponent.java:260)
	at org.eclipse.equinox.internal.ds.model.ServiceComponentProp.activate(ServiceComponentProp.java:146)
	at org.eclipse.equinox.internal.ds.model.ServiceComponentProp.build(ServiceComponentProp.java:345)
	at org.eclipse.equinox.internal.ds.InstanceProcess.buildComponent(InstanceProcess.java:620)
	at org.eclipse.equinox.internal.ds.InstanceProcess.buildComponents(InstanceProcess.java:197)
	at org.eclipse.equinox.internal.ds.Resolver.buildNewlySatisfied(Resolver.java:473)
	at org.eclipse.equinox.internal.ds.Resolver.enableComponents(Resolver.java:217)
	at org.eclipse.equinox.internal.ds.SCRManager.performWork(SCRManager.java:816)
	at org.eclipse.equinox.internal.ds.SCRManager$QueuedJob.dispatch(SCRManager.java:783)
	at org.eclipse.equinox.internal.ds.WorkThread.run(WorkThread.java:89)
	at java.base/java.lang.Thread.run(Thread.java:829)
Caused by: java.security.UnrecoverableKeyException: failed to decrypt safe contents entry: javax.crypto.BadPaddingException: Given final block not properly padded. Such issues can arise if a bad key is used during decryption.
	... 26 more

[2025-03-11 20:56:12,517] ERROR {JKSKeyStoreLoader} - IOError loading keyStore from ' /home/wso2carbon/wso2mi-4.2.0/repository/resources/security/wso2carbon.jks ' java.io.IOException: keystore password was incorrect
	at java.base/sun.security.pkcs12.PKCS12KeyStore.engineLoad(PKCS12KeyStore.java:2092)
	at java.base/sun.security.util.KeyStoreDelegator.engineLoad(KeyStoreDelegator.java:243)
	at java.base/java.security.KeyStore.load(KeyStore.java:1479)
	at org.wso2.securevault.keystore.AbstractKeyStoreLoader.getKeyStore(AbstractKeyStoreLoader.java:79)
	at org.wso2.securevault.keystore.JKSKeyStoreLoader.getKeyStore(JKSKeyStoreLoader.java:34)
	at org.wso2.securevault.definition.KeyStoreInformation.getKeyStore(KeyStoreInformation.java:132)
	at org.wso2.securevault.definition.IdentityKeyStoreInformation.getIdentityKeyStore(IdentityKeyStoreInformation.java:69)
	at org.wso2.securevault.keystore.KeyStoreWrapper.init(KeyStoreWrapper.java:67)
	at org.wso2.securevault.keystore.IdentityKeyStoreWrapper.init(IdentityKeyStoreWrapper.java:35)
	at org.wso2.securevault.secret.SecretManager.init(SecretManager.java:150)
	at org.wso2.carbon.securevault.SecretManagerInitializer.init(SecretManagerInitializer.java:59)
	at org.wso2.carbon.securevault.internal.SecretManagerInitializerComponent.activate(SecretManagerInitializerComponent.java:47)
	at jdk.internal.reflect.GeneratedMethodAccessor22.invoke(Unknown Source)
	at java.base/jdk.internal.reflect.DelegatingMethodAccessorImpl.invoke(DelegatingMethodAccessorImpl.java:43)
	at java.base/java.lang.reflect.Method.invoke(Method.java:566)
	at org.eclipse.equinox.internal.ds.model.ServiceComponent.activate(ServiceComponent.java:260)
	at org.eclipse.equinox.internal.ds.model.ServiceComponentProp.activate(ServiceComponentProp.java:146)
	at org.eclipse.equinox.internal.ds.model.ServiceComponentProp.build(ServiceComponentProp.java:345)
	at org.eclipse.equinox.internal.ds.InstanceProcess.buildComponent(InstanceProcess.java:620)
	at org.eclipse.equinox.internal.ds.InstanceProcess.buildComponents(InstanceProcess.java:197)
	at org.eclipse.equinox.internal.ds.Resolver.buildNewlySatisfied(Resolver.java:473)
	at org.eclipse.equinox.internal.ds.Resolver.enableComponents(Resolver.java:217)
	at org.eclipse.equinox.internal.ds.SCRManager.performWork(SCRManager.java:816)
	at org.eclipse.equinox.internal.ds.SCRManager$QueuedJob.dispatch(SCRManager.java:783)
	at org.eclipse.equinox.internal.ds.WorkThread.run(WorkThread.java:89)
	at java.base/java.lang.Thread.run(Thread.java:829)
Caused by: java.security.UnrecoverableKeyException: failed to decrypt safe contents entry: javax.crypto.BadPaddingException: Given final block not properly padded. Such issues can arise if a bad key is used during decryption.
	... 26 more

[2025-03-11 20:56:12,553] ERROR {JKSKeyStoreLoader} - IOError loading keyStore from ' /home/wso2carbon/wso2mi-4.2.0/repository/resources/security/wso2carbon.jks ' java.io.IOException: keystore password was incorrect
	at java.base/sun.security.pkcs12.PKCS12KeyStore.engineLoad(PKCS12KeyStore.java:2092)
	at java.base/sun.security.util.KeyStoreDelegator.engineLoad(KeyStoreDelegator.java:243)
	at java.base/java.security.KeyStore.load(KeyStore.java:1479)
	at org.wso2.securevault.keystore.AbstractKeyStoreLoader.getKeyStore(AbstractKeyStoreLoader.java:79)
	at org.wso2.securevault.keystore.JKSKeyStoreLoader.getKeyStore(JKSKeyStoreLoader.java:34)
	at org.wso2.securevault.definition.KeyStoreInformation.getKeyStore(KeyStoreInformation.java:132)
	at org.wso2.securevault.definition.IdentityKeyStoreInformation.getIdentityKeyStore(IdentityKeyStoreInformation.java:69)
	at org.wso2.securevault.keystore.KeyStoreWrapper.init(KeyStoreWrapper.java:67)
	at org.wso2.securevault.keystore.IdentityKeyStoreWrapper.init(IdentityKeyStoreWrapper.java:35)
	at org.wso2.securevault.secret.SecretManager.init(SecretManager.java:150)
	at org.wso2.carbon.securevault.SecretManagerInitializer.init(SecretManagerInitializer.java:59)
	at org.wso2.carbon.securevault.internal.SecretManagerInitializerComponent.activate(SecretManagerInitializerComponent.java:47)
	at jdk.internal.reflect.GeneratedMethodAccessor22.invoke(Unknown Source)
	at java.base/jdk.internal.reflect.DelegatingMethodAccessorImpl.invoke(DelegatingMethodAccessorImpl.java:43)
	at java.base/java.lang.reflect.Method.invoke(Method.java:566)
	at org.eclipse.equinox.internal.ds.model.ServiceComponent.activate(ServiceComponent.java:260)
	at org.eclipse.equinox.internal.ds.model.ServiceComponentProp.activate(ServiceComponentProp.java:146)
	at org.eclipse.equinox.internal.ds.model.ServiceComponentProp.build(ServiceComponentProp.java:345)
	at org.eclipse.equinox.internal.ds.InstanceProcess.buildComponent(InstanceProcess.java:620)
	at org.eclipse.equinox.internal.ds.InstanceProcess.buildComponents(InstanceProcess.java:197)
	at org.eclipse.equinox.internal.ds.Resolver.buildNewlySatisfied(Resolver.java:473)
	at org.eclipse.equinox.internal.ds.Resolver.enableComponents(Resolver.java:217)
	at org.eclipse.equinox.internal.ds.SCRManager.performWork(SCRManager.java:816)
	at org.eclipse.equinox.internal.ds.SCRManager$QueuedJob.dispatch(SCRManager.java:783)
	at org.eclipse.equinox.internal.ds.WorkThread.run(WorkThread.java:89)
	at java.base/java.lang.Thread.run(Thread.java:829)
Caused by: java.security.UnrecoverableKeyException: failed to decrypt safe contents entry: javax.crypto.BadPaddingException: Given final block not properly padded. Such issues can arise if a bad key is used during decryption.
	... 26 more

